Arguments: 
  /home/pc/.nvm/versions/node/v12.18.3/bin/node /home/pc/.nvm/versions/node/v12.18.3/bin/yarn add axios cors express nodemoncd ..

PATH: 
  /home/pc/anaconda3/bin:/home/pc/anaconda3/condabin:/home/linuxbrew/.linuxbrew/bin:/home/linuxbrew/.linuxbrew/sbin:/home/pc/.nvm/versions/node/v12.18.3/bin:/home/pc/.local/bin:/home/pc/bin:/usr/local/sbin:/usr/local/bin:/usr/sbin:/usr/bin:/sbin:/bin:/usr/games:/usr/local/games:/snap/bin:~/Documents/mediasoup/abseil/abseil-cpp:/usr/local/go/bin

Yarn version: 
  1.22.10

Node version: 
  12.18.3

Platform: 
  linux x64

Trace: 
  Error: https://registry.yarnpkg.com/nodemoncd: Not found
      at Request.params.callback [as _callback] (/home/pc/.nvm/versions/node/v12.18.3/lib/node_modules/yarn/lib/cli.js:66988:18)
      at Request.self.callback (/home/pc/.nvm/versions/node/v12.18.3/lib/node_modules/yarn/lib/cli.js:140662:22)
      at Request.emit (events.js:315:20)
      at Request.<anonymous> (/home/pc/.nvm/versions/node/v12.18.3/lib/node_modules/yarn/lib/cli.js:141634:10)
      at Request.emit (events.js:315:20)
      at IncomingMessage.<anonymous> (/home/pc/.nvm/versions/node/v12.18.3/lib/node_modules/yarn/lib/cli.js:141556:12)
      at Object.onceWrapper (events.js:421:28)
      at IncomingMessage.emit (events.js:327:22)
      at endReadableNT (_stream_readable.js:1220:12)
      at processTicksAndRejections (internal/process/task_queues.js:84:21)

npm manifest: 
  {
    "name": "comments",
    "version": "1.0.0",
    "main": "index.js",
    "license": "MIT"
  }

yarn manifest: 
  No manifest

Lockfile: 
  No lockfile
